<?xml version="1.0" encoding="UTF-8"?>
<testng-results ignored="0" total="1" passed="1" failed="0" skipped="0">
  <reporter-output>
  </reporter-output>
  <suite started-at="2022-06-10T01:17:30 IST" name="Default suite" finished-at="2022-06-10T01:17:35 IST" duration-ms="5253">
    <groups>
    </groups>
    <test started-at="2022-06-10T01:17:30 IST" name="Default test" finished-at="2022-06-10T01:17:35 IST" duration-ms="5253">
      <class name="com.nitaraweb.API.ViewFarmAnalysis">
        <test-method signature="viewFarmAnalysis()[pri:0, instance:com.nitaraweb.API.ViewFarmAnalysis@6a192cfe]" started-at="2022-06-10T01:17:30 IST" name="viewFarmAnalysis" finished-at="2022-06-10T01:17:35 IST" duration-ms="5218" status="PASS">
          <reporter-output>
          </reporter-output>
        </test-method> <!-- viewFarmAnalysis -->
      </class> <!-- com.nitaraweb.API.ViewFarmAnalysis -->
    </test> <!-- Default test -->
  </suite> <!-- Default suite -->
</testng-results>
