<?xml version="1.0" encoding="UTF-8"?>
<testng-results ignored="0" total="1" passed="1" failed="0" skipped="0">
  <reporter-output>
  </reporter-output>
  <suite started-at="2022-06-22T10:37:32 IST" name="Default suite" finished-at="2022-06-22T10:37:53 IST" duration-ms="21138">
    <groups>
    </groups>
    <test started-at="2022-06-22T10:37:32 IST" name="Default test" finished-at="2022-06-22T10:37:53 IST" duration-ms="21138">
      <class name="com.nitaraweb.AccountManagement.ValidUpcomingData">
        <test-method is-config="true" signature="initializaton()[pri:0, instance:com.nitaraweb.AccountManagement.ValidUpcomingData@37d4349f]" started-at="2022-06-22T10:37:32 IST" name="initializaton" finished-at="2022-06-22T10:37:34 IST" duration-ms="2047" status="PASS">
          <reporter-output>
          </reporter-output>
        </test-method> <!-- initializaton -->
        <test-method signature="validUpcomingData_all()[pri:1, instance:com.nitaraweb.AccountManagement.ValidUpcomingData@37d4349f]" started-at="2022-06-22T10:37:34 IST" name="validUpcomingData_all" finished-at="2022-06-22T10:37:49 IST" duration-ms="15397" status="PASS">
          <reporter-output>
          </reporter-output>
        </test-method> <!-- validUpcomingData_all -->
        <test-method is-config="true" signature="tearDownMain()[pri:0, instance:com.nitaraweb.AccountManagement.ValidUpcomingData@37d4349f]" started-at="2022-06-22T10:37:49 IST" name="tearDownMain" finished-at="2022-06-22T10:37:53 IST" duration-ms="3663" status="PASS">
          <reporter-output>
          </reporter-output>
        </test-method> <!-- tearDownMain -->
      </class> <!-- com.nitaraweb.AccountManagement.ValidUpcomingData -->
    </test> <!-- Default test -->
  </suite> <!-- Default suite -->
</testng-results>
