<?xml version="1.0" encoding="UTF-8"?>
<!-- Generated by org.testng.reporters.JUnitXMLReporter -->
<testsuite ignored="0" hostname="LAPTOP-F39TO3IQ" failures="0" tests="3" name="Default test" time="50.196" errors="0" timestamp="2022-06-22T12:41:39 IST">
  <testcase classname="com.nitaraweb.AccountManagement.ValidUpcomingData" name="validUpcomingData_all" time="22.21"/>
  <testcase classname="com.nitaraweb.AccountManagement.ValidUpcomingData" name="validUpcomingData_cow" time="10.396"/>
  <testcase classname="com.nitaraweb.AccountManagement.ValidUpcomingData" name="validUpcomingData_bull" time="9.886"/>
</testsuite> <!-- Default test -->
