<?xml version="1.0" encoding="UTF-8"?>
<!-- Generated by org.testng.reporters.JUnitXMLReporter -->
<testsuite ignored="0" hostname="Atish" failures="0" tests="3" name="Default test" time="15.324" errors="0" timestamp="2022-06-16T19:17:58 IST">
  <testcase classname="com.nitaraweb.AccountManagement.ValidFarmData" name="Validate_All_CattleBreakdownData" time="0.334"/>
  <testcase classname="com.nitaraweb.AccountManagement.ValidFarmData" name="Validate_Buffalo_CattleBreakdownData" time="0.238"/>
  <testcase classname="com.nitaraweb.AccountManagement.ValidFarmData" name="Validate_Cow_CattleBreakdownData" time="0.229"/>
</testsuite> <!-- Default test -->
